Using pre-set license
Built from '2021.3/staging' branch; Version is '2021.3.19f1 (c9714fde33b6) revision 13201743'; Using compiler version '192829333'; Build Type 'Release'
OS: 'Windows 10  (10.0.19045) 64bit Professional' Language: 'ko' Physical Memory: 32699 MB
BatchMode: 1, IsHumanControllingUs: 0, StartBugReporterOnCrash: 0, Is64bit: 1, IsPro: 1

COMMAND LINE ARGUMENTS:
C:\Program Files\Unity\Hub\Editor\2021.3.19f1\Editor\Unity.exe
-adb2
-batchMode
-noUpm
-name
AssetImportWorker0
-projectPath
C:/Users/ricon/Desktop/capstone-2023-42/Capstone
-logFile
Logs/AssetImportWorker0.log
-srvPort
49164
Successfully changed project path to: C:/Users/ricon/Desktop/capstone-2023-42/Capstone
C:/Users/ricon/Desktop/capstone-2023-42/Capstone
[UnityMemory] Configuration Parameters - Can be set up in boot.config
    "memorysetup-bucket-allocator-granularity=16"
    "memorysetup-bucket-allocator-bucket-count=8"
    "memorysetup-bucket-allocator-block-size=33554432"
    "memorysetup-bucket-allocator-block-count=8"
    "memorysetup-main-allocator-block-size=16777216"
    "memorysetup-thread-allocator-block-size=16777216"
    "memorysetup-gfx-main-allocator-block-size=16777216"
    "memorysetup-gfx-thread-allocator-block-size=16777216"
    "memorysetup-cache-allocator-block-size=4194304"
    "memorysetup-typetree-allocator-block-size=2097152"
    "memorysetup-profiler-bucket-allocator-granularity=16"
    "memorysetup-profiler-bucket-allocator-bucket-count=8"
    "memorysetup-profiler-bucket-allocator-block-size=33554432"
    "memorysetup-profiler-bucket-allocator-block-count=8"
    "memorysetup-profiler-allocator-block-size=16777216"
    "memorysetup-profiler-editor-allocator-block-size=1048576"
    "memorysetup-temp-allocator-size-main=16777216"
    "memorysetup-job-temp-allocator-block-size=2097152"
    "memorysetup-job-temp-allocator-block-size-background=1048576"
    "memorysetup-job-temp-allocator-reduction-small-platforms=262144"
    "memorysetup-temp-allocator-size-background-worker=32768"
    "memorysetup-temp-allocator-size-job-worker=262144"
    "memorysetup-temp-allocator-size-preload-manager=33554432"
    "memorysetup-temp-allocator-size-nav-mesh-worker=65536"
    "memorysetup-temp-allocator-size-audio-worker=65536"
    "memorysetup-temp-allocator-size-cloud-worker=32768"
    "memorysetup-temp-allocator-size-gi-baking-worker=262144"
    "memorysetup-temp-allocator-size-gfx=262144"
Player connection [22028] Host "[IP] 61.82.132.180 [Port] 0 [Flags] 2 [Guid] 1642297306 [EditorId] 1642297306 [Version] 1048832 [Id] WindowsEditor(7,DESKTOP-E0DIENL) [Debug] 1 [PackageName] WindowsEditor [ProjectName] Editor" joined multi-casting on [225.0.0.222:54997]...

Player connection [22028] Host "[IP] 61.82.132.180 [Port] 0 [Flags] 2 [Guid] 1642297306 [EditorId] 1642297306 [Version] 1048832 [Id] WindowsEditor(7,DESKTOP-E0DIENL) [Debug] 1 [PackageName] WindowsEditor [ProjectName] Editor" joined alternative multi-casting on [225.0.0.222:34997]...

Refreshing native plugins compatible for Editor in 89.93 ms, found 4 plugins.
Preloading 0 native plugins for Editor in 0.00 ms.
Initialize engine version: 2021.3.19f1 (c9714fde33b6)
[Subsystems] Discovering subsystems at path C:/Program Files/Unity/Hub/Editor/2021.3.19f1/Editor/Data/Resources/UnitySubsystems
[Subsystems] Discovering subsystems at path C:/Users/ricon/Desktop/capstone-2023-42/Capstone/Assets
GfxDevice: creating device client; threaded=0; jobified=0
Direct3D:
    Version:  Direct3D 11.0 [level 11.1]
    Renderer: NVIDIA GeForce GTX 1080 (ID=0x1b80)
    Vendor:   NVIDIA
    VRAM:     8072 MB
    Driver:   31.0.15.2849
Initialize mono
Mono path[0] = 'C:/Program Files/Unity/Hub/Editor/2021.3.19f1/Editor/Data/Managed'
Mono path[1] = 'C:/Program Files/Unity/Hub/Editor/2021.3.19f1/Editor/Data/MonoBleedingEdge/lib/mono/unityjit-win32'
Mono config path = 'C:/Program Files/Unity/Hub/Editor/2021.3.19f1/Editor/Data/MonoBleedingEdge/etc'
Using monoOptions --debugger-agent=transport=dt_socket,embedding=1,server=y,suspend=n,address=127.0.0.1:56396
Begin MonoManager ReloadAssembly
Registering precompiled unity dll's ...
Register platform support module: C:/Program Files/Unity/Hub/Editor/2021.3.19f1/Editor/Data/PlaybackEngines/WindowsStandaloneSupport/UnityEditor.WindowsStandalone.Extensions.dll
Registered in 0.007100 seconds.
Native extension for WindowsStandalone target not found
Refreshing native plugins compatible for Editor in 94.40 ms, found 4 plugins.
Preloading 0 native plugins for Editor in 0.00 ms.
Mono: successfully reloaded assembly
- Completed reload, in  0.609 seconds
Domain Reload Profiling:
	ReloadAssembly (610ms)
		BeginReloadAssembly (68ms)
			ExecutionOrderSort (0ms)
			DisableScriptedObjects (0ms)
			BackupInstance (0ms)
			ReleaseScriptingObjects (0ms)
			CreateAndSetChildDomain (1ms)
		EndReloadAssembly (439ms)
			LoadAssemblies (66ms)
			RebuildTransferFunctionScriptingTraits (0ms)
			SetupTypeCache (90ms)
			ReleaseScriptCaches (0ms)
			RebuildScriptCaches (24ms)
			SetupLoadedEditorAssemblies (279ms)
				LogAssemblyErrors (0ms)
				InitializePlatformSupportModulesInManaged (7ms)
				SetLoadedEditorAssemblies (0ms)
				RefreshPlugins (94ms)
				BeforeProcessingInitializeOnLoad (1ms)
				ProcessInitializeOnLoadAttributes (123ms)
				ProcessInitializeOnLoadMethodAttributes (53ms)
				AfterProcessingInitializeOnLoad (0ms)
				EditorAssembliesLoaded (0ms)
			ExecutionOrderSort2 (0ms)
			AwakeInstancesAfterBackupRestoration (0ms)
Platform modules already initialized, skipping
Registering precompiled user dll's ...
Registered in 0.007569 seconds.
Begin MonoManager ReloadAssembly
Symbol file LoadedFromMemory doesn't match image C:\Users\ricon\Desktop\capstone-2023-42\Capstone\Library\PackageCache\com.unity.visualscripting@1.8.0\Editor\VisualScripting.Core\Dependencies\YamlDotNet\Unity.VisualScripting.YamlDotNet.dll
Symbol file LoadedFromMemory doesn't match image C:\Users\ricon\Desktop\capstone-2023-42\Capstone\Library\PackageCache\com.unity.visualscripting@1.8.0\Editor\VisualScripting.Core\Dependencies\DotNetZip\Unity.VisualScripting.IonicZip.dll
Native extension for WindowsStandalone target not found
Refreshing native plugins compatible for Editor in 84.70 ms, found 4 plugins.
Preloading 0 native plugins for Editor in 0.00 ms.
Mono: successfully reloaded assembly
- Completed reload, in  1.099 seconds
Domain Reload Profiling:
	ReloadAssembly (1100ms)
		BeginReloadAssembly (105ms)
			ExecutionOrderSort (0ms)
			DisableScriptedObjects (5ms)
			BackupInstance (0ms)
			ReleaseScriptingObjects (0ms)
			CreateAndSetChildDomain (21ms)
		EndReloadAssembly (887ms)
			LoadAssemblies (76ms)
			RebuildTransferFunctionScriptingTraits (0ms)
			SetupTypeCache (223ms)
			ReleaseScriptCaches (1ms)
			RebuildScriptCaches (57ms)
			SetupLoadedEditorAssemblies (488ms)
				LogAssemblyErrors (0ms)
				InitializePlatformSupportModulesInManaged (4ms)
				SetLoadedEditorAssemblies (0ms)
				RefreshPlugins (85ms)
				BeforeProcessingInitializeOnLoad (94ms)
				ProcessInitializeOnLoadAttributes (264ms)
				ProcessInitializeOnLoadMethodAttributes (31ms)
				AfterProcessingInitializeOnLoad (10ms)
				EditorAssembliesLoaded (0ms)
			ExecutionOrderSort2 (0ms)
			AwakeInstancesAfterBackupRestoration (5ms)
Platform modules already initialized, skipping
========================================================================
Worker process is ready to serve import requests
Launched and connected shader compiler UnityShaderCompiler.exe after 0.04 seconds
Refreshing native plugins compatible for Editor in 1.06 ms, found 4 plugins.
Preloading 0 native plugins for Editor in 0.00 ms.
Unloading 4323 Unused Serialized files (Serialized files now loaded: 0)
Unloading 52 unused Assets / (129.3 KB). Loaded Objects now: 4785.
Memory consumption went from 166.1 MB to 166.0 MB.
Total: 3.483500 ms (FindLiveObjects: 0.453100 ms CreateObjectMapping: 0.116100 ms MarkObjects: 2.801800 ms  DeleteObjects: 0.111500 ms)

AssetImportParameters requested are different than current active one (requested -> active):
  custom:video-decoder-ogg-theora: a1e56fd34408186e4bbccfd4996cb3dc -> 
  custom:container-muxer-webm: aa71ff27fc2769a1b78a27578f13a17b -> 
  custom:container-demuxer-webm: 4f35f7cbe854078d1ac9338744f61a02 -> 
  custom:video-encoder-webm-vp8: eb34c28f22e8b96e1ab97ce403110664 -> 
  custom:audio-encoder-webm-vorbis: bf7c407c2cedff20999df2af8eb42d56 -> 
  custom:framework-win-MediaFoundation: 216162199b28c13a410421893ffa2e32 -> 
  custom:container-demuxer-ogg: 62fdf1f143b41e24485cea50d1cbac27 -> 
  custom:video-decoder-webm-vp8: 9c59270c3fd7afecdb556c50c9e8de78 -> 
  custom:audio-decoder-ogg-vorbis: bf7c407c2cedff20999df2af8eb42d56 -> 
========================================================================
Received Import Request.
  Time since last request: 26036.784229 seconds.
  path: Assets/Scenes/MainMenu.unity
  artifactKey: Guid(d1ddc37c31191fe43be841ed9c6cea0c) Importer(815301076,1909f56bfc062723c751e8b465ee728b)
Start importing Assets/Scenes/MainMenu.unity using Guid(d1ddc37c31191fe43be841ed9c6cea0c) Importer(815301076,1909f56bfc062723c751e8b465ee728b)  -> (artifact id: '25c3056b321567cc7aeb8cce154ac48a') in 0.014795 seconds 
========================================================================
Received Import Request.
  Time since last request: 120.291344 seconds.
  path: Assets/Scenes/MainScene.unity
  artifactKey: Guid(594da7912e6320f418cbce008fec2a64) Importer(815301076,1909f56bfc062723c751e8b465ee728b)
Start importing Assets/Scenes/MainScene.unity using Guid(594da7912e6320f418cbce008fec2a64) Importer(815301076,1909f56bfc062723c751e8b465ee728b)  -> (artifact id: '40c96353b0867a5aa515223f01176b4f') in 0.006295 seconds 
========================================================================
Received Import Request.
  Time since last request: 69.725117 seconds.
  path: Assets/Sprites/Battle/GameWin/Main Menu background.png
  artifactKey: Guid(6008d533d47049244ba7c878b55f4656) Importer(815301076,1909f56bfc062723c751e8b465ee728b)
Start importing Assets/Sprites/Battle/GameWin/Main Menu background.png using Guid(6008d533d47049244ba7c878b55f4656) Importer(815301076,1909f56bfc062723c751e8b465ee728b)  -> (artifact id: '9431e733faa90f3285902b7503e257a4') in 0.117897 seconds 
========================================================================
Received Import Request.
  Time since last request: 4.247300 seconds.
  path: Assets/Sprites/Battle/GameWin/01.png
  artifactKey: Guid(69933eb7e9602da46be3f00d7ad0b69c) Importer(815301076,1909f56bfc062723c751e8b465ee728b)
Start importing Assets/Sprites/Battle/GameWin/01.png using Guid(69933eb7e9602da46be3f00d7ad0b69c) Importer(815301076,1909f56bfc062723c751e8b465ee728b)  -> (artifact id: '39e40625e23aacd045417c399948ee74') in 0.027869 seconds 
========================================================================
Received Import Request.
  Time since last request: 2.929348 seconds.
  path: Assets/Sprites/Battle/GameWin/00.png
  artifactKey: Guid(5eea3645db58376498a1d2aa83aa3693) Importer(815301076,1909f56bfc062723c751e8b465ee728b)
Start importing Assets/Sprites/Battle/GameWin/00.png using Guid(5eea3645db58376498a1d2aa83aa3693) Importer(815301076,1909f56bfc062723c751e8b465ee728b)  -> (artifact id: '263154da224f8cf80e60c6f7a5aa53a3') in 0.095242 seconds 
========================================================================
Received Import Request.
  Time since last request: 598.630816 seconds.
  path: Assets/Scenes/MainMenu.unity
  artifactKey: Guid(d1ddc37c31191fe43be841ed9c6cea0c) Importer(815301076,1909f56bfc062723c751e8b465ee728b)
Start importing Assets/Scenes/MainMenu.unity using Guid(d1ddc37c31191fe43be841ed9c6cea0c) Importer(815301076,1909f56bfc062723c751e8b465ee728b)  -> (artifact id: '84426b6a5443c51b1206bc1b89962188') in 0.006543 seconds 
========================================================================
Received Import Request.
  Time since last request: 0.638578 seconds.
  path: Assets/Scenes/MainScene.unity
  artifactKey: Guid(594da7912e6320f418cbce008fec2a64) Importer(815301076,1909f56bfc062723c751e8b465ee728b)
Start importing Assets/Scenes/MainScene.unity using Guid(594da7912e6320f418cbce008fec2a64) Importer(815301076,1909f56bfc062723c751e8b465ee728b)  -> (artifact id: '42fd1523e2fef90f378e7ffe07ca0b60') in 0.006976 seconds 
========================================================================
Received Import Request.
  Time since last request: 58.595564 seconds.
  path: Assets/Prefabs/ItemData/MP_S.asset
  artifactKey: Guid(fcc38c786af2ba244ab2a42820f656f7) Importer(815301076,1909f56bfc062723c751e8b465ee728b)
Start importing Assets/Prefabs/ItemData/MP_S.asset using Guid(fcc38c786af2ba244ab2a42820f656f7) Importer(815301076,1909f56bfc062723c751e8b465ee728b)  -> (artifact id: '7a51108de6a2c052a5a8f5a45e60b94e') in 0.010908 seconds 
========================================================================
Received Import Request.
  Time since last request: 6.225835 seconds.
  path: Assets/Prefabs/WeaponData/New Folder/단검.asset
  artifactKey: Guid(060f7626785ed3d4aa50b89ee452e929) Importer(815301076,1909f56bfc062723c751e8b465ee728b)
Start importing Assets/Prefabs/WeaponData/New Folder/단검.asset using Guid(060f7626785ed3d4aa50b89ee452e929) Importer(815301076,1909f56bfc062723c751e8b465ee728b)  -> (artifact id: '922495f6084ea635708b98909c1b0504') in 0.007825 seconds 
========================================================================
Received Import Request.
  Time since last request: 13.670845 seconds.
  path: Assets/Prefabs/WeaponData/New Folder/롱소드.asset
  artifactKey: Guid(6e02666783a627c4eaace129da166a4a) Importer(815301076,1909f56bfc062723c751e8b465ee728b)
Start importing Assets/Prefabs/WeaponData/New Folder/롱소드.asset using Guid(6e02666783a627c4eaace129da166a4a) Importer(815301076,1909f56bfc062723c751e8b465ee728b)  -> (artifact id: '9683cdc322e52109e9bf4caaa240da5d') in 0.007939 seconds 
========================================================================
Received Import Request.
  Time since last request: 2.113936 seconds.
  path: Assets/Prefabs/WeaponData/New Folder/세검.asset
  artifactKey: Guid(438c9a18be2e4fc4490de5804d131db9) Importer(815301076,1909f56bfc062723c751e8b465ee728b)
Start importing Assets/Prefabs/WeaponData/New Folder/세검.asset using Guid(438c9a18be2e4fc4490de5804d131db9) Importer(815301076,1909f56bfc062723c751e8b465ee728b)  -> (artifact id: 'ee6efeb6262fc8b1ce428d0048832bff') in 0.008142 seconds 
========================================================================
Received Import Request.
  Time since last request: 2.535545 seconds.
  path: Assets/Prefabs/WeaponData/New Folder/소검.asset
  artifactKey: Guid(8d84589548b78444da09f39f1de98d55) Importer(815301076,1909f56bfc062723c751e8b465ee728b)
Start importing Assets/Prefabs/WeaponData/New Folder/소검.asset using Guid(8d84589548b78444da09f39f1de98d55) Importer(815301076,1909f56bfc062723c751e8b465ee728b)  -> (artifact id: 'f92bcc3ae40c182fc9e85c739f877161') in 0.008369 seconds 
========================================================================
Received Import Request.
  Time since last request: 2.342334 seconds.
  path: Assets/Prefabs/WeaponData/New Folder/양손도끼.asset
  artifactKey: Guid(87c347b869754f34aad1116099c6ef76) Importer(815301076,1909f56bfc062723c751e8b465ee728b)
Start importing Assets/Prefabs/WeaponData/New Folder/양손도끼.asset using Guid(87c347b869754f34aad1116099c6ef76) Importer(815301076,1909f56bfc062723c751e8b465ee728b)  -> (artifact id: 'ed220d86f252aed7835815d3cbb4880a') in 0.007626 seconds 
========================================================================
Received Import Request.
  Time since last request: 1.647613 seconds.
  path: Assets/Prefabs/WeaponData/New Folder/한손검.asset
  artifactKey: Guid(136133ee9a1bc30469159cc3d358f66a) Importer(815301076,1909f56bfc062723c751e8b465ee728b)
Start importing Assets/Prefabs/WeaponData/New Folder/한손검.asset using Guid(136133ee9a1bc30469159cc3d358f66a) Importer(815301076,1909f56bfc062723c751e8b465ee728b)  -> (artifact id: '18cd57571a7b56bc39dbf575a895a99b') in 0.008072 seconds 
========================================================================
Received Import Request.
  Time since last request: 2.395551 seconds.
  path: Assets/Prefabs/WeaponData/New Folder/한손도끼.asset
  artifactKey: Guid(17d92054c4272744da0c839e1e7ba072) Importer(815301076,1909f56bfc062723c751e8b465ee728b)
Start importing Assets/Prefabs/WeaponData/New Folder/한손도끼.asset using Guid(17d92054c4272744da0c839e1e7ba072) Importer(815301076,1909f56bfc062723c751e8b465ee728b)  -> (artifact id: '881df9b8f782d5234942889a2a9e603b') in 0.007391 seconds 
========================================================================
Received Import Request.
  Time since last request: 174.987006 seconds.
  path: Assets/Scenes/MainScene.unity
  artifactKey: Guid(594da7912e6320f418cbce008fec2a64) Importer(815301076,1909f56bfc062723c751e8b465ee728b)
Start importing Assets/Scenes/MainScene.unity using Guid(594da7912e6320f418cbce008fec2a64) Importer(815301076,1909f56bfc062723c751e8b465ee728b)  -> (artifact id: '346cff88b58dd376e98ee368ff64f445') in 0.002558 seconds 
