Using pre-set license
Built from '2021.3/staging' branch; Version is '2021.3.19f1 (c9714fde33b6) revision 13201743'; Using compiler version '192829333'; Build Type 'Release'
OS: 'Windows 10  (10.0.19044) 64bit Core' Language: 'ko' Physical Memory: 7901 MB
BatchMode: 1, IsHumanControllingUs: 0, StartBugReporterOnCrash: 0, Is64bit: 1, IsPro: 1

COMMAND LINE ARGUMENTS:
C:\Program Files\Unity\Hub\Editor\2021.3.19f1\Editor\Unity.exe
-adb2
-batchMode
-noUpm
-name
AssetImportWorker2
-projectPath
C:/Users/chearin/capstone-2023-42/Capstone
-logFile
Logs/AssetImportWorker2.log
-srvPort
50125
Successfully changed project path to: C:/Users/chearin/capstone-2023-42/Capstone
C:/Users/chearin/capstone-2023-42/Capstone
[UnityMemory] Configuration Parameters - Can be set up in boot.config
    "memorysetup-bucket-allocator-granularity=16"
    "memorysetup-bucket-allocator-bucket-count=8"
    "memorysetup-bucket-allocator-block-size=33554432"
    "memorysetup-bucket-allocator-block-count=8"
    "memorysetup-main-allocator-block-size=16777216"
    "memorysetup-thread-allocator-block-size=16777216"
    "memorysetup-gfx-main-allocator-block-size=16777216"
    "memorysetup-gfx-thread-allocator-block-size=16777216"
    "memorysetup-cache-allocator-block-size=4194304"
    "memorysetup-typetree-allocator-block-size=2097152"
    "memorysetup-profiler-bucket-allocator-granularity=16"
    "memorysetup-profiler-bucket-allocator-bucket-count=8"
    "memorysetup-profiler-bucket-allocator-block-size=33554432"
    "memorysetup-profiler-bucket-allocator-block-count=8"
    "memorysetup-profiler-allocator-block-size=16777216"
    "memorysetup-profiler-editor-allocator-block-size=1048576"
    "memorysetup-temp-allocator-size-main=16777216"
    "memorysetup-job-temp-allocator-block-size=2097152"
    "memorysetup-job-temp-allocator-block-size-background=1048576"
    "memorysetup-job-temp-allocator-reduction-small-platforms=262144"
    "memorysetup-temp-allocator-size-background-worker=32768"
    "memorysetup-temp-allocator-size-job-worker=262144"
    "memorysetup-temp-allocator-size-preload-manager=33554432"
    "memorysetup-temp-allocator-size-nav-mesh-worker=65536"
    "memorysetup-temp-allocator-size-audio-worker=65536"
    "memorysetup-temp-allocator-size-cloud-worker=32768"
    "memorysetup-temp-allocator-size-gi-baking-worker=262144"
    "memorysetup-temp-allocator-size-gfx=262144"
Player connection [15928] Host "[IP] 192.168.56.1 [Port] 0 [Flags] 2 [Guid] 1167327736 [EditorId] 1167327736 [Version] 1048832 [Id] WindowsEditor(7,DESKTOP-TDH46P8) [Debug] 1 [PackageName] WindowsEditor [ProjectName] Editor" joined multi-casting on [225.0.0.222:54997]...

Player connection [15928] Host "[IP] 192.168.56.1 [Port] 0 [Flags] 2 [Guid] 1167327736 [EditorId] 1167327736 [Version] 1048832 [Id] WindowsEditor(7,DESKTOP-TDH46P8) [Debug] 1 [PackageName] WindowsEditor [ProjectName] Editor" joined alternative multi-casting on [225.0.0.222:34997]...

Refreshing native plugins compatible for Editor in 144.42 ms, found 4 plugins.
Preloading 0 native plugins for Editor in 0.00 ms.
Initialize engine version: 2021.3.19f1 (c9714fde33b6)
[Subsystems] Discovering subsystems at path C:/Program Files/Unity/Hub/Editor/2021.3.19f1/Editor/Data/Resources/UnitySubsystems
[Subsystems] Discovering subsystems at path C:/Users/chearin/capstone-2023-42/Capstone/Assets
GfxDevice: creating device client; threaded=0; jobified=0
Direct3D:
    Version:  Direct3D 11.0 [level 11.1]
    Renderer: Intel(R) UHD Graphics (ID=0x8a56)
    Vendor:   Intel
    VRAM:     3950 MB
    Driver:   27.20.100.9510
Initialize mono
Mono path[0] = 'C:/Program Files/Unity/Hub/Editor/2021.3.19f1/Editor/Data/Managed'
Mono path[1] = 'C:/Program Files/Unity/Hub/Editor/2021.3.19f1/Editor/Data/MonoBleedingEdge/lib/mono/unityjit-win32'
Mono config path = 'C:/Program Files/Unity/Hub/Editor/2021.3.19f1/Editor/Data/MonoBleedingEdge/etc'
Using monoOptions --debugger-agent=transport=dt_socket,embedding=1,server=y,suspend=n,address=127.0.0.1:56200
Begin MonoManager ReloadAssembly
Registering precompiled unity dll's ...
Register platform support module: C:/Program Files/Unity/Hub/Editor/2021.3.19f1/Editor/Data/PlaybackEngines/WebGLSupport/UnityEditor.WebGL.Extensions.dll
Register platform support module: C:/Program Files/Unity/Hub/Editor/2021.3.19f1/Editor/Data/PlaybackEngines/WindowsStandaloneSupport/UnityEditor.WindowsStandalone.Extensions.dll
Registered in 0.030699 seconds.
Native extension for WindowsStandalone target not found
Native extension for WebGL target not found
Refreshing native plugins compatible for Editor in 148.50 ms, found 4 plugins.
Preloading 0 native plugins for Editor in 0.00 ms.
Mono: successfully reloaded assembly
- Completed reload, in  1.274 seconds
Domain Reload Profiling:
	ReloadAssembly (1275ms)
		BeginReloadAssembly (141ms)
			ExecutionOrderSort (0ms)
			DisableScriptedObjects (0ms)
			BackupInstance (0ms)
			ReleaseScriptingObjects (0ms)
			CreateAndSetChildDomain (1ms)
		EndReloadAssembly (854ms)
			LoadAssemblies (139ms)
			RebuildTransferFunctionScriptingTraits (0ms)
			SetupTypeCache (227ms)
			ReleaseScriptCaches (0ms)
			RebuildScriptCaches (50ms)
			SetupLoadedEditorAssemblies (477ms)
				LogAssemblyErrors (0ms)
				InitializePlatformSupportModulesInManaged (18ms)
				SetLoadedEditorAssemblies (0ms)
				RefreshPlugins (149ms)
				BeforeProcessingInitializeOnLoad (1ms)
				ProcessInitializeOnLoadAttributes (203ms)
				ProcessInitializeOnLoadMethodAttributes (105ms)
				AfterProcessingInitializeOnLoad (0ms)
				EditorAssembliesLoaded (0ms)
			ExecutionOrderSort2 (0ms)
			AwakeInstancesAfterBackupRestoration (0ms)
Platform modules already initialized, skipping
Registering precompiled user dll's ...
Registered in 0.025269 seconds.
Begin MonoManager ReloadAssembly
Symbol file LoadedFromMemory doesn't match image C:\Users\chearin\capstone-2023-42\Capstone\Library\PackageCache\com.unity.visualscripting@1.8.0\Editor\VisualScripting.Core\Dependencies\YamlDotNet\Unity.VisualScripting.YamlDotNet.dll
Symbol file LoadedFromMemory doesn't match image C:\Users\chearin\capstone-2023-42\Capstone\Library\PackageCache\com.unity.visualscripting@1.8.0\Editor\VisualScripting.Core\Dependencies\DotNetZip\Unity.VisualScripting.IonicZip.dll
Native extension for WindowsStandalone target not found
Native extension for WebGL target not found
Refreshing native plugins compatible for Editor in 139.05 ms, found 4 plugins.
Preloading 0 native plugins for Editor in 0.00 ms.
Mono: successfully reloaded assembly
- Completed reload, in  9.364 seconds
Domain Reload Profiling:
	ReloadAssembly (9366ms)
		BeginReloadAssembly (228ms)
			ExecutionOrderSort (0ms)
			DisableScriptedObjects (10ms)
			BackupInstance (0ms)
			ReleaseScriptingObjects (0ms)
			CreateAndSetChildDomain (35ms)
		EndReloadAssembly (8862ms)
			LoadAssemblies (6859ms)
			RebuildTransferFunctionScriptingTraits (0ms)
			SetupTypeCache (881ms)
			ReleaseScriptCaches (1ms)
			RebuildScriptCaches (99ms)
			SetupLoadedEditorAssemblies (988ms)
				LogAssemblyErrors (0ms)
				InitializePlatformSupportModulesInManaged (18ms)
				SetLoadedEditorAssemblies (0ms)
				RefreshPlugins (139ms)
				BeforeProcessingInitializeOnLoad (163ms)
				ProcessInitializeOnLoadAttributes (575ms)
				ProcessInitializeOnLoadMethodAttributes (72ms)
				AfterProcessingInitializeOnLoad (20ms)
				EditorAssembliesLoaded (0ms)
			ExecutionOrderSort2 (0ms)
			AwakeInstancesAfterBackupRestoration (18ms)
Platform modules already initialized, skipping
========================================================================
Worker process is ready to serve import requests
Launched and connected shader compiler UnityShaderCompiler.exe after 0.18 seconds
Refreshing native plugins compatible for Editor in 1.08 ms, found 4 plugins.
Preloading 0 native plugins for Editor in 0.00 ms.
Unloading 4321 Unused Serialized files (Serialized files now loaded: 0)
Unloading 52 unused Assets / (129.2 KB). Loaded Objects now: 4782.
Memory consumption went from 166.0 MB to 165.9 MB.
Total: 5.173500 ms (FindLiveObjects: 0.393500 ms CreateObjectMapping: 0.191000 ms MarkObjects: 3.957200 ms  DeleteObjects: 0.629000 ms)

AssetImportParameters requested are different than current active one (requested -> active):
  custom:video-decoder-ogg-theora: a1e56fd34408186e4bbccfd4996cb3dc -> 
  custom:container-muxer-webm: aa71ff27fc2769a1b78a27578f13a17b -> 
  custom:container-demuxer-webm: 4f35f7cbe854078d1ac9338744f61a02 -> 
  custom:video-encoder-webm-vp8: eb34c28f22e8b96e1ab97ce403110664 -> 
  custom:audio-encoder-webm-vorbis: bf7c407c2cedff20999df2af8eb42d56 -> 
  custom:framework-win-MediaFoundation: 216162199b28c13a410421893ffa2e32 -> 
  custom:container-demuxer-ogg: 62fdf1f143b41e24485cea50d1cbac27 -> 
  custom:video-decoder-webm-vp8: 9c59270c3fd7afecdb556c50c9e8de78 -> 
  custom:audio-decoder-ogg-vorbis: bf7c407c2cedff20999df2af8eb42d56 -> 
========================================================================
Received Import Request.
  Time since last request: 4243.749321 seconds.
  path: Assets/Sprites/Battle/GameWin
  artifactKey: Guid(e76d4a8a1587bce498a0ca8612f2e94e) Importer(815301076,1909f56bfc062723c751e8b465ee728b)
Start importing Assets/Sprites/Battle/GameWin using Guid(e76d4a8a1587bce498a0ca8612f2e94e) Importer(815301076,1909f56bfc062723c751e8b465ee728b)  -> (artifact id: 'df2eb31eed7a54cf1755314b49b4481b') in 0.020553 seconds 
========================================================================
Received Import Request.
  Time since last request: 37.523953 seconds.
  path: Assets/Sprites/Battle/GameWin/Main Menu background.png
  artifactKey: Guid(6008d533d47049244ba7c878b55f4656) Importer(815301076,1909f56bfc062723c751e8b465ee728b)
Start importing Assets/Sprites/Battle/GameWin/Main Menu background.png using Guid(6008d533d47049244ba7c878b55f4656) Importer(815301076,1909f56bfc062723c751e8b465ee728b)  -> (artifact id: '96bcb69ba43e1c67e82612d1e4389bbb') in 0.186447 seconds 
========================================================================
Received Import Request.
  Time since last request: 194.218977 seconds.
  path: Assets/Sprites/Battle/GameWin/block
  artifactKey: Guid(e11813df3c9ee45478da1b83acc93881) Importer(815301076,1909f56bfc062723c751e8b465ee728b)
Start importing Assets/Sprites/Battle/GameWin/block using Guid(e11813df3c9ee45478da1b83acc93881) Importer(815301076,1909f56bfc062723c751e8b465ee728b)  -> (artifact id: 'e8d9493a7cd9c2c540b3425d324223a0') in 0.024361 seconds 
========================================================================
Received Import Request.
  Time since last request: 14.873435 seconds.
  path: Assets/Sprites/Battle/GameWin/block/Arrow Btn.png
  artifactKey: Guid(e0f074d2e3c89d845845651ba3322088) Importer(815301076,1909f56bfc062723c751e8b465ee728b)
Start importing Assets/Sprites/Battle/GameWin/block/Arrow Btn.png using Guid(e0f074d2e3c89d845845651ba3322088) Importer(815301076,1909f56bfc062723c751e8b465ee728b)  -> (artifact id: 'd5318688abfec781836c2b2d7ee6af29') in 0.065814 seconds 
========================================================================
Received Import Request.
  Time since last request: 0.000044 seconds.
  path: Assets/Sprites/Battle/GameWin/block/Bar Frame.png
  artifactKey: Guid(6dc00a6e41f985946bcc5f294862da16) Importer(815301076,1909f56bfc062723c751e8b465ee728b)
Start importing Assets/Sprites/Battle/GameWin/block/Bar Frame.png using Guid(6dc00a6e41f985946bcc5f294862da16) Importer(815301076,1909f56bfc062723c751e8b465ee728b)  -> (artifact id: 'f7c0d066904021ca74056705dc926cae') in 0.105341 seconds 
========================================================================
Received Import Request.
  Time since last request: 2.250557 seconds.
  path: Assets/Sprites/Battle/GameWin/block/Big Dark Btn.png
  artifactKey: Guid(c59d8f69bc94d334b94a6f31ad8ade2d) Importer(815301076,1909f56bfc062723c751e8b465ee728b)
Start importing Assets/Sprites/Battle/GameWin/block/Big Dark Btn.png using Guid(c59d8f69bc94d334b94a6f31ad8ade2d) Importer(815301076,1909f56bfc062723c751e8b465ee728b)  -> (artifact id: 'af585e9d40e52baf29e40e20f92cf915') in 0.069268 seconds 
========================================================================
Received Import Request.
  Time since last request: 0.000051 seconds.
  path: Assets/Sprites/Battle/GameWin/block/Big Wood 2 Btn.png
  artifactKey: Guid(4db1bcce38eb541438c27ff26b1372f8) Importer(815301076,1909f56bfc062723c751e8b465ee728b)
Start importing Assets/Sprites/Battle/GameWin/block/Big Wood 2 Btn.png using Guid(4db1bcce38eb541438c27ff26b1372f8) Importer(815301076,1909f56bfc062723c751e8b465ee728b)  -> (artifact id: '7fa515ccf3e84cf2446ad3394e541747') in 0.051296 seconds 
========================================================================
Received Import Request.
  Time since last request: 0.403871 seconds.
  path: Assets/Sprites/Battle/GameWin/block/Blue Desc Frame.png
  artifactKey: Guid(dc9bf26288205ea448b425c775e99d54) Importer(815301076,1909f56bfc062723c751e8b465ee728b)
Start importing Assets/Sprites/Battle/GameWin/block/Blue Desc Frame.png using Guid(dc9bf26288205ea448b425c775e99d54) Importer(815301076,1909f56bfc062723c751e8b465ee728b)  -> (artifact id: 'a369c18a02889778433009cfff878adc') in 0.059145 seconds 
========================================================================
Received Import Request.
  Time since last request: 0.000072 seconds.
  path: Assets/Sprites/Battle/GameWin/block/Check Mark.png
  artifactKey: Guid(3e1aabeefc123714e8213d6d311e5e07) Importer(815301076,1909f56bfc062723c751e8b465ee728b)
Start importing Assets/Sprites/Battle/GameWin/block/Check Mark.png using Guid(3e1aabeefc123714e8213d6d311e5e07) Importer(815301076,1909f56bfc062723c751e8b465ee728b)  -> (artifact id: 'dda51cec47c92a648e54011173eaf86d') in 0.049029 seconds 
========================================================================
Received Import Request.
  Time since last request: 0.130236 seconds.
  path: Assets/Sprites/Battle/GameWin/block/Checkbox Btn Frame.png
  artifactKey: Guid(ae0a9e7762a38fe4fa2b2f63b00c3065) Importer(815301076,1909f56bfc062723c751e8b465ee728b)
Start importing Assets/Sprites/Battle/GameWin/block/Checkbox Btn Frame.png using Guid(ae0a9e7762a38fe4fa2b2f63b00c3065) Importer(815301076,1909f56bfc062723c751e8b465ee728b)  -> (artifact id: '3e7d5a722f26a4fbee83895c255ac7dd') in 0.080126 seconds 
========================================================================
Received Import Request.
  Time since last request: 0.000070 seconds.
  path: Assets/Sprites/Battle/GameWin/block/Dialog Tip 2.png
  artifactKey: Guid(bd38ebcc2a575d64781c582da55431c0) Importer(815301076,1909f56bfc062723c751e8b465ee728b)
Start importing Assets/Sprites/Battle/GameWin/block/Dialog Tip 2.png using Guid(bd38ebcc2a575d64781c582da55431c0) Importer(815301076,1909f56bfc062723c751e8b465ee728b)  -> (artifact id: '8320ae24d43584537c9dfd1f706a38e8') in 0.062245 seconds 
========================================================================
Received Import Request.
  Time since last request: 0.000083 seconds.
  path: Assets/Sprites/Battle/GameWin/block/Dialog Tip 1.png
  artifactKey: Guid(76c934e6574f3cc448f04c3d926c589d) Importer(815301076,1909f56bfc062723c751e8b465ee728b)
Start importing Assets/Sprites/Battle/GameWin/block/Dialog Tip 1.png using Guid(76c934e6574f3cc448f04c3d926c589d) Importer(815301076,1909f56bfc062723c751e8b465ee728b)  -> (artifact id: '4260f21cc2c83c45b37a1b2d3c198d22') in 0.074722 seconds 
========================================================================
Received Import Request.
  Time since last request: 0.000086 seconds.
  path: Assets/Sprites/Battle/GameWin/block/HP Bar.png
  artifactKey: Guid(996ebf31c8f865a439daea0fb75cc54b) Importer(815301076,1909f56bfc062723c751e8b465ee728b)
Start importing Assets/Sprites/Battle/GameWin/block/HP Bar.png using Guid(996ebf31c8f865a439daea0fb75cc54b) Importer(815301076,1909f56bfc062723c751e8b465ee728b)  -> (artifact id: 'c75955132ce68544d37f6f716e8a5e6a') in 0.064746 seconds 
========================================================================
Received Import Request.
  Time since last request: 0.081036 seconds.
  path: Assets/Sprites/Battle/GameWin/block/Input Field 1.png
  artifactKey: Guid(6b1d1cee5479c8d4bbb44dae30d2aaad) Importer(815301076,1909f56bfc062723c751e8b465ee728b)
Start importing Assets/Sprites/Battle/GameWin/block/Input Field 1.png using Guid(6b1d1cee5479c8d4bbb44dae30d2aaad) Importer(815301076,1909f56bfc062723c751e8b465ee728b)  -> (artifact id: '71aa7c86a156a307a6c100ebe837576d') in 0.050288 seconds 
========================================================================
Received Import Request.
  Time since last request: 0.000038 seconds.
  path: Assets/Sprites/Battle/GameWin/block/Panel 2.png
  artifactKey: Guid(f7f97fd202b0601468bd5f37ef94315c) Importer(815301076,1909f56bfc062723c751e8b465ee728b)
Start importing Assets/Sprites/Battle/GameWin/block/Panel 2.png using Guid(f7f97fd202b0601468bd5f37ef94315c) Importer(815301076,1909f56bfc062723c751e8b465ee728b)  -> (artifact id: 'b74576e99974d732960b113fe7c8195d') in 0.062583 seconds 
========================================================================
Received Import Request.
  Time since last request: 0.294565 seconds.
  path: Assets/Sprites/Battle/GameWin/block/Progress Bar.png
  artifactKey: Guid(2443b57a7f652d044b361e4503736499) Importer(815301076,1909f56bfc062723c751e8b465ee728b)
Start importing Assets/Sprites/Battle/GameWin/block/Progress Bar.png using Guid(2443b57a7f652d044b361e4503736499) Importer(815301076,1909f56bfc062723c751e8b465ee728b)  -> (artifact id: '2aeaab53ee801d9c188127c37a571fd7') in 0.084461 seconds 
========================================================================
Received Import Request.
  Time since last request: 0.000073 seconds.
  path: Assets/Sprites/Battle/GameWin/block/Red Desc Frame.png
  artifactKey: Guid(494648303a1fcf4409153493fb5db6cf) Importer(815301076,1909f56bfc062723c751e8b465ee728b)
Start importing Assets/Sprites/Battle/GameWin/block/Red Desc Frame.png using Guid(494648303a1fcf4409153493fb5db6cf) Importer(815301076,1909f56bfc062723c751e8b465ee728b)  -> (artifact id: '48a353001061980aab9fc06a3d9e8f40') in 0.080560 seconds 
========================================================================
Received Import Request.
  Time since last request: 0.000081 seconds.
  path: Assets/Sprites/Battle/GameWin/block/Question Icon.png
  artifactKey: Guid(25a2c34669e25fc4d9434f17a2051051) Importer(815301076,1909f56bfc062723c751e8b465ee728b)
Start importing Assets/Sprites/Battle/GameWin/block/Question Icon.png using Guid(25a2c34669e25fc4d9434f17a2051051) Importer(815301076,1909f56bfc062723c751e8b465ee728b)  -> (artifact id: 'aaba74354c5c982971ca2638fbace5d7') in 0.058678 seconds 
========================================================================
Received Import Request.
  Time since last request: 42.459498 seconds.
  path: Assets/Sprites/Battle/GameWin/block/Slider.png
  artifactKey: Guid(12a18bcc908bc444b9e2b2ee6af842a5) Importer(815301076,1909f56bfc062723c751e8b465ee728b)
Start importing Assets/Sprites/Battle/GameWin/block/Slider.png using Guid(12a18bcc908bc444b9e2b2ee6af842a5) Importer(815301076,1909f56bfc062723c751e8b465ee728b)  -> (artifact id: '7e1be5ccddc491f3200e1ed43afb5d71') in 0.040152 seconds 
========================================================================
Received Import Request.
  Time since last request: 1.089834 seconds.
  path: Assets/Sprites/Battle/GameWin/block/Slot.png
  artifactKey: Guid(551aeff4074887144b36641701a7c5fe) Importer(815301076,1909f56bfc062723c751e8b465ee728b)
Start importing Assets/Sprites/Battle/GameWin/block/Slot.png using Guid(551aeff4074887144b36641701a7c5fe) Importer(815301076,1909f56bfc062723c751e8b465ee728b)  -> (artifact id: 'f10ff84fc018428a5526a2e2c0074392') in 0.079120 seconds 
========================================================================
Received Import Request.
  Time since last request: 0.000082 seconds.
  path: Assets/Sprites/Battle/GameWin/block/Tab Btn 1.png
  artifactKey: Guid(f2d39469a9edd9d4aaec4de5c95db964) Importer(815301076,1909f56bfc062723c751e8b465ee728b)
Start importing Assets/Sprites/Battle/GameWin/block/Tab Btn 1.png using Guid(f2d39469a9edd9d4aaec4de5c95db964) Importer(815301076,1909f56bfc062723c751e8b465ee728b)  -> (artifact id: '656ff33fd30da28adf343d9dc8297e48') in 0.070945 seconds 
========================================================================
Received Import Request.
  Time since last request: 0.583275 seconds.
  path: Assets/Sprites/Battle/GameWin/block/Title Panel 1.png
  artifactKey: Guid(ba9f0c5189774be41acc29d9057afc62) Importer(815301076,1909f56bfc062723c751e8b465ee728b)
Start importing Assets/Sprites/Battle/GameWin/block/Title Panel 1.png using Guid(ba9f0c5189774be41acc29d9057afc62) Importer(815301076,1909f56bfc062723c751e8b465ee728b)  -> (artifact id: 'ad6a063d013c70426ad7585f85ae7bcf') in 0.041550 seconds 
========================================================================
Received Import Request.
  Time since last request: 0.610440 seconds.
  path: Assets/Sprites/Battle/GameWin/block/Toggle Off.png
  artifactKey: Guid(fd7c49322c44ed24291ffff3259ebb85) Importer(815301076,1909f56bfc062723c751e8b465ee728b)
Start importing Assets/Sprites/Battle/GameWin/block/Toggle Off.png using Guid(fd7c49322c44ed24291ffff3259ebb85) Importer(815301076,1909f56bfc062723c751e8b465ee728b)  -> (artifact id: 'b3cda29ed696b751da056a4901122a42') in 0.067293 seconds 
========================================================================
Received Import Request.
  Time since last request: 596.640406 seconds.
  path: Assets/Scenes/Battle.unity
  artifactKey: Guid(32d80a3123cadc14796dcd48daee31d9) Importer(815301076,1909f56bfc062723c751e8b465ee728b)
Start importing Assets/Scenes/Battle.unity using Guid(32d80a3123cadc14796dcd48daee31d9) Importer(815301076,1909f56bfc062723c751e8b465ee728b)  -> (artifact id: '4108d3c371c197368218f6afdedf8202') in 0.018197 seconds 
========================================================================
Received Import Request.
  Time since last request: 283.232640 seconds.
  path: Assets/Sprites/Battle/GameWin/00.png
  artifactKey: Guid(5eea3645db58376498a1d2aa83aa3693) Importer(815301076,1909f56bfc062723c751e8b465ee728b)
Start importing Assets/Sprites/Battle/GameWin/00.png using Guid(5eea3645db58376498a1d2aa83aa3693) Importer(815301076,1909f56bfc062723c751e8b465ee728b)  -> (artifact id: '7adda22a6d4f81c69a49115784236180') in 0.046092 seconds 
========================================================================
Received Import Request.
  Time since last request: 2.399781 seconds.
  path: Assets/Sprites/Battle/GameWin/01.png
  artifactKey: Guid(69933eb7e9602da46be3f00d7ad0b69c) Importer(815301076,1909f56bfc062723c751e8b465ee728b)
Start importing Assets/Sprites/Battle/GameWin/01.png using Guid(69933eb7e9602da46be3f00d7ad0b69c) Importer(815301076,1909f56bfc062723c751e8b465ee728b)  -> (artifact id: '6532800d82d99a33baa4eb1f39b85be8') in 0.051444 seconds 
========================================================================
Received Import Request.
  Time since last request: 56.233070 seconds.
  path: Assets/Sprites/Battle/GameWin/00.png
  artifactKey: Guid(5eea3645db58376498a1d2aa83aa3693) Importer(815301076,1909f56bfc062723c751e8b465ee728b)
Start importing Assets/Sprites/Battle/GameWin/00.png using Guid(5eea3645db58376498a1d2aa83aa3693) Importer(815301076,1909f56bfc062723c751e8b465ee728b)  -> (artifact id: '403743029af2be9b691f8d780289c1ec') in 0.021726 seconds 
========================================================================
Received Import Request.
  Time since last request: 15.974124 seconds.
  path: Assets/Sprites/Battle/GameWin/00.png
  artifactKey: Guid(5eea3645db58376498a1d2aa83aa3693) Importer(815301076,1909f56bfc062723c751e8b465ee728b)
Start importing Assets/Sprites/Battle/GameWin/00.png using Guid(5eea3645db58376498a1d2aa83aa3693) Importer(815301076,1909f56bfc062723c751e8b465ee728b)  -> (artifact id: '382c7bba34f1a505fdcc55eb73b74bc4') in 0.259645 seconds 
========================================================================
Received Import Request.
  Time since last request: 419.435536 seconds.
  path: Assets/Sprites/Battle/GameWin/01.png
  artifactKey: Guid(69933eb7e9602da46be3f00d7ad0b69c) Importer(815301076,1909f56bfc062723c751e8b465ee728b)
Start importing Assets/Sprites/Battle/GameWin/01.png using Guid(69933eb7e9602da46be3f00d7ad0b69c) Importer(815301076,1909f56bfc062723c751e8b465ee728b)  -> (artifact id: '124824d0a8d81fecae2910b3c277b08e') in 0.021976 seconds 
========================================================================
Received Import Request.
  Time since last request: 7.596780 seconds.
  path: Assets/Sprites/Battle/GameWin/01.png
  artifactKey: Guid(69933eb7e9602da46be3f00d7ad0b69c) Importer(815301076,1909f56bfc062723c751e8b465ee728b)
Start importing Assets/Sprites/Battle/GameWin/01.png using Guid(69933eb7e9602da46be3f00d7ad0b69c) Importer(815301076,1909f56bfc062723c751e8b465ee728b)  -> (artifact id: 'ee64d86100d0994b144e2eb737e862e3') in 0.070375 seconds 
