Using pre-set license
Built from '2021.3/staging' branch; Version is '2021.3.19f1 (c9714fde33b6) revision 13201743'; Using compiler version '192829333'; Build Type 'Release'
OS: 'Windows 10  (10.0.19044) 64bit Core' Language: 'ko' Physical Memory: 7901 MB
BatchMode: 1, IsHumanControllingUs: 0, StartBugReporterOnCrash: 0, Is64bit: 1, IsPro: 1

COMMAND LINE ARGUMENTS:
C:\Program Files\Unity\Hub\Editor\2021.3.19f1\Editor\Unity.exe
-adb2
-batchMode
-noUpm
-name
AssetImportWorker3
-projectPath
C:/Users/chearin/capstone-2023-42/Capstone
-logFile
Logs/AssetImportWorker3.log
-srvPort
50125
Successfully changed project path to: C:/Users/chearin/capstone-2023-42/Capstone
C:/Users/chearin/capstone-2023-42/Capstone
[UnityMemory] Configuration Parameters - Can be set up in boot.config
    "memorysetup-bucket-allocator-granularity=16"
    "memorysetup-bucket-allocator-bucket-count=8"
    "memorysetup-bucket-allocator-block-size=33554432"
    "memorysetup-bucket-allocator-block-count=8"
    "memorysetup-main-allocator-block-size=16777216"
    "memorysetup-thread-allocator-block-size=16777216"
    "memorysetup-gfx-main-allocator-block-size=16777216"
    "memorysetup-gfx-thread-allocator-block-size=16777216"
    "memorysetup-cache-allocator-block-size=4194304"
    "memorysetup-typetree-allocator-block-size=2097152"
    "memorysetup-profiler-bucket-allocator-granularity=16"
    "memorysetup-profiler-bucket-allocator-bucket-count=8"
    "memorysetup-profiler-bucket-allocator-block-size=33554432"
    "memorysetup-profiler-bucket-allocator-block-count=8"
    "memorysetup-profiler-allocator-block-size=16777216"
    "memorysetup-profiler-editor-allocator-block-size=1048576"
    "memorysetup-temp-allocator-size-main=16777216"
    "memorysetup-job-temp-allocator-block-size=2097152"
    "memorysetup-job-temp-allocator-block-size-background=1048576"
    "memorysetup-job-temp-allocator-reduction-small-platforms=262144"
    "memorysetup-temp-allocator-size-background-worker=32768"
    "memorysetup-temp-allocator-size-job-worker=262144"
    "memorysetup-temp-allocator-size-preload-manager=33554432"
    "memorysetup-temp-allocator-size-nav-mesh-worker=65536"
    "memorysetup-temp-allocator-size-audio-worker=65536"
    "memorysetup-temp-allocator-size-cloud-worker=32768"
    "memorysetup-temp-allocator-size-gi-baking-worker=262144"
    "memorysetup-temp-allocator-size-gfx=262144"
Player connection [10520] Host "[IP] 192.168.56.1 [Port] 0 [Flags] 2 [Guid] 503935949 [EditorId] 503935949 [Version] 1048832 [Id] WindowsEditor(7,DESKTOP-TDH46P8) [Debug] 1 [PackageName] WindowsEditor [ProjectName] Editor" joined multi-casting on [225.0.0.222:54997]...

Player connection [10520] Host "[IP] 192.168.56.1 [Port] 0 [Flags] 2 [Guid] 503935949 [EditorId] 503935949 [Version] 1048832 [Id] WindowsEditor(7,DESKTOP-TDH46P8) [Debug] 1 [PackageName] WindowsEditor [ProjectName] Editor" joined alternative multi-casting on [225.0.0.222:34997]...

Refreshing native plugins compatible for Editor in 144.81 ms, found 4 plugins.
Preloading 0 native plugins for Editor in 0.00 ms.
Initialize engine version: 2021.3.19f1 (c9714fde33b6)
[Subsystems] Discovering subsystems at path C:/Program Files/Unity/Hub/Editor/2021.3.19f1/Editor/Data/Resources/UnitySubsystems
[Subsystems] Discovering subsystems at path C:/Users/chearin/capstone-2023-42/Capstone/Assets
GfxDevice: creating device client; threaded=0; jobified=0
Direct3D:
    Version:  Direct3D 11.0 [level 11.1]
    Renderer: Intel(R) UHD Graphics (ID=0x8a56)
    Vendor:   Intel
    VRAM:     3950 MB
    Driver:   27.20.100.9510
Initialize mono
Mono path[0] = 'C:/Program Files/Unity/Hub/Editor/2021.3.19f1/Editor/Data/Managed'
Mono path[1] = 'C:/Program Files/Unity/Hub/Editor/2021.3.19f1/Editor/Data/MonoBleedingEdge/lib/mono/unityjit-win32'
Mono config path = 'C:/Program Files/Unity/Hub/Editor/2021.3.19f1/Editor/Data/MonoBleedingEdge/etc'
Using monoOptions --debugger-agent=transport=dt_socket,embedding=1,server=y,suspend=n,address=127.0.0.1:56880
Begin MonoManager ReloadAssembly
Registering precompiled unity dll's ...
Register platform support module: C:/Program Files/Unity/Hub/Editor/2021.3.19f1/Editor/Data/PlaybackEngines/WebGLSupport/UnityEditor.WebGL.Extensions.dll
Register platform support module: C:/Program Files/Unity/Hub/Editor/2021.3.19f1/Editor/Data/PlaybackEngines/WindowsStandaloneSupport/UnityEditor.WindowsStandalone.Extensions.dll
Registered in 0.019489 seconds.
Native extension for WindowsStandalone target not found
Native extension for WebGL target not found
Refreshing native plugins compatible for Editor in 150.93 ms, found 4 plugins.
Preloading 0 native plugins for Editor in 0.00 ms.
Mono: successfully reloaded assembly
- Completed reload, in  1.279 seconds
Domain Reload Profiling:
	ReloadAssembly (1280ms)
		BeginReloadAssembly (145ms)
			ExecutionOrderSort (0ms)
			DisableScriptedObjects (0ms)
			BackupInstance (0ms)
			ReleaseScriptingObjects (0ms)
			CreateAndSetChildDomain (1ms)
		EndReloadAssembly (876ms)
			LoadAssemblies (142ms)
			RebuildTransferFunctionScriptingTraits (0ms)
			SetupTypeCache (243ms)
			ReleaseScriptCaches (0ms)
			RebuildScriptCaches (51ms)
			SetupLoadedEditorAssemblies (475ms)
				LogAssemblyErrors (0ms)
				InitializePlatformSupportModulesInManaged (18ms)
				SetLoadedEditorAssemblies (0ms)
				RefreshPlugins (151ms)
				BeforeProcessingInitializeOnLoad (1ms)
				ProcessInitializeOnLoadAttributes (198ms)
				ProcessInitializeOnLoadMethodAttributes (106ms)
				AfterProcessingInitializeOnLoad (0ms)
				EditorAssembliesLoaded (0ms)
			ExecutionOrderSort2 (0ms)
			AwakeInstancesAfterBackupRestoration (0ms)
Platform modules already initialized, skipping
Registering precompiled user dll's ...
Registered in 0.026775 seconds.
Begin MonoManager ReloadAssembly
Symbol file LoadedFromMemory doesn't match image C:\Users\chearin\capstone-2023-42\Capstone\Library\PackageCache\com.unity.visualscripting@1.8.0\Editor\VisualScripting.Core\Dependencies\YamlDotNet\Unity.VisualScripting.YamlDotNet.dll
Symbol file LoadedFromMemory doesn't match image C:\Users\chearin\capstone-2023-42\Capstone\Library\PackageCache\com.unity.visualscripting@1.8.0\Editor\VisualScripting.Core\Dependencies\DotNetZip\Unity.VisualScripting.IonicZip.dll
Native extension for WindowsStandalone target not found
Native extension for WebGL target not found
Refreshing native plugins compatible for Editor in 139.05 ms, found 4 plugins.
Preloading 0 native plugins for Editor in 0.00 ms.
Mono: successfully reloaded assembly
- Completed reload, in  9.369 seconds
Domain Reload Profiling:
	ReloadAssembly (9370ms)
		BeginReloadAssembly (233ms)
			ExecutionOrderSort (0ms)
			DisableScriptedObjects (9ms)
			BackupInstance (0ms)
			ReleaseScriptingObjects (0ms)
			CreateAndSetChildDomain (36ms)
		EndReloadAssembly (8862ms)
			LoadAssemblies (6861ms)
			RebuildTransferFunctionScriptingTraits (0ms)
			SetupTypeCache (880ms)
			ReleaseScriptCaches (1ms)
			RebuildScriptCaches (98ms)
			SetupLoadedEditorAssemblies (987ms)
				LogAssemblyErrors (0ms)
				InitializePlatformSupportModulesInManaged (18ms)
				SetLoadedEditorAssemblies (0ms)
				RefreshPlugins (139ms)
				BeforeProcessingInitializeOnLoad (158ms)
				ProcessInitializeOnLoadAttributes (579ms)
				ProcessInitializeOnLoadMethodAttributes (72ms)
				AfterProcessingInitializeOnLoad (21ms)
				EditorAssembliesLoaded (0ms)
			ExecutionOrderSort2 (0ms)
			AwakeInstancesAfterBackupRestoration (19ms)
Platform modules already initialized, skipping
========================================================================
Worker process is ready to serve import requests
Launched and connected shader compiler UnityShaderCompiler.exe after 0.16 seconds
Refreshing native plugins compatible for Editor in 1.08 ms, found 4 plugins.
Preloading 0 native plugins for Editor in 0.00 ms.
Unloading 4321 Unused Serialized files (Serialized files now loaded: 0)
Unloading 52 unused Assets / (129.2 KB). Loaded Objects now: 4782.
Memory consumption went from 166.0 MB to 165.9 MB.
Total: 6.116000 ms (FindLiveObjects: 0.394500 ms CreateObjectMapping: 0.245100 ms MarkObjects: 5.272000 ms  DeleteObjects: 0.202800 ms)

AssetImportParameters requested are different than current active one (requested -> active):
  custom:video-decoder-ogg-theora: a1e56fd34408186e4bbccfd4996cb3dc -> 
  custom:container-muxer-webm: aa71ff27fc2769a1b78a27578f13a17b -> 
  custom:container-demuxer-webm: 4f35f7cbe854078d1ac9338744f61a02 -> 
  custom:video-encoder-webm-vp8: eb34c28f22e8b96e1ab97ce403110664 -> 
  custom:audio-encoder-webm-vorbis: bf7c407c2cedff20999df2af8eb42d56 -> 
  custom:framework-win-MediaFoundation: 216162199b28c13a410421893ffa2e32 -> 
  custom:container-demuxer-ogg: 62fdf1f143b41e24485cea50d1cbac27 -> 
  custom:video-decoder-webm-vp8: 9c59270c3fd7afecdb556c50c9e8de78 -> 
  custom:audio-decoder-ogg-vorbis: bf7c407c2cedff20999df2af8eb42d56 -> 
========================================================================
Received Import Request.
  Time since last request: 4243.749386 seconds.
  path: Assets/Sprites/Battle/GameWin/Main Menu background.png
  artifactKey: Guid(6008d533d47049244ba7c878b55f4656) Importer(815301076,1909f56bfc062723c751e8b465ee728b)
Start importing Assets/Sprites/Battle/GameWin/Main Menu background.png using Guid(6008d533d47049244ba7c878b55f4656) Importer(815301076,1909f56bfc062723c751e8b465ee728b)  -> (artifact id: '134bb80a65d8e3cdd6642f7212f76ee3') in 0.345858 seconds 
========================================================================
Received Import Request.
  Time since last request: 246.531698 seconds.
  path: Assets/Sprites/Battle/GameWin/block/Arrow Icon.png
  artifactKey: Guid(7bfa21f0607ac444491c294c6cbcd04d) Importer(815301076,1909f56bfc062723c751e8b465ee728b)
Start importing Assets/Sprites/Battle/GameWin/block/Arrow Icon.png using Guid(7bfa21f0607ac444491c294c6cbcd04d) Importer(815301076,1909f56bfc062723c751e8b465ee728b)  -> (artifact id: '68e8d8baf314b94360dbb633327045e8') in 0.059988 seconds 
========================================================================
Received Import Request.
  Time since last request: 0.000045 seconds.
  path: Assets/Sprites/Battle/GameWin/block/Arrow2 Icon.png
  artifactKey: Guid(f9aad606597527146ac8511ff61da819) Importer(815301076,1909f56bfc062723c751e8b465ee728b)
Start importing Assets/Sprites/Battle/GameWin/block/Arrow2 Icon.png using Guid(f9aad606597527146ac8511ff61da819) Importer(815301076,1909f56bfc062723c751e8b465ee728b)  -> (artifact id: '3eee443be1865f7a833c82b6c79b7ddb') in 0.105932 seconds 
========================================================================
Received Import Request.
  Time since last request: 2.267199 seconds.
  path: Assets/Sprites/Battle/GameWin/block/Big Wood 1 Btn.png
  artifactKey: Guid(1db7883ee7761a14fa25deee1dc6204a) Importer(815301076,1909f56bfc062723c751e8b465ee728b)
Start importing Assets/Sprites/Battle/GameWin/block/Big Wood 1 Btn.png using Guid(1db7883ee7761a14fa25deee1dc6204a) Importer(815301076,1909f56bfc062723c751e8b465ee728b)  -> (artifact id: 'dc662dec6a71262dd3a8977665896017') in 0.074681 seconds 
========================================================================
Received Import Request.
  Time since last request: 0.459391 seconds.
  path: Assets/Sprites/Battle/GameWin/block/Btn Frame.png
  artifactKey: Guid(69929ebfc9a53b043bc2b8f85743375c) Importer(815301076,1909f56bfc062723c751e8b465ee728b)
Start importing Assets/Sprites/Battle/GameWin/block/Btn Frame.png using Guid(69929ebfc9a53b043bc2b8f85743375c) Importer(815301076,1909f56bfc062723c751e8b465ee728b)  -> (artifact id: '19d96a80df25ffa02f87a230c08adca5') in 0.073733 seconds 
========================================================================
Received Import Request.
  Time since last request: 0.000057 seconds.
  path: Assets/Sprites/Battle/GameWin/block/Check Circle.png
  artifactKey: Guid(39ffbe5f7450ef24da0aa67aa7bbf678) Importer(815301076,1909f56bfc062723c751e8b465ee728b)
Start importing Assets/Sprites/Battle/GameWin/block/Check Circle.png using Guid(39ffbe5f7450ef24da0aa67aa7bbf678) Importer(815301076,1909f56bfc062723c751e8b465ee728b)  -> (artifact id: '92ded789fea88d55540a96ec5d203ff3') in 0.067710 seconds 
========================================================================
Received Import Request.
  Time since last request: 0.100359 seconds.
  path: Assets/Sprites/Battle/GameWin/block/Circular Btn.png
  artifactKey: Guid(e19b3408749620c41a8846e786f0ba63) Importer(815301076,1909f56bfc062723c751e8b465ee728b)
Start importing Assets/Sprites/Battle/GameWin/block/Circular Btn.png using Guid(e19b3408749620c41a8846e786f0ba63) Importer(815301076,1909f56bfc062723c751e8b465ee728b)  -> (artifact id: 'f7b9148446a02060467cf5eb5d87aca3') in 0.066504 seconds 
========================================================================
Received Import Request.
  Time since last request: 0.000064 seconds.
  path: Assets/Sprites/Battle/GameWin/block/Dialog Panel.png
  artifactKey: Guid(b6e4b65ba400ba840a0c095f2982f804) Importer(815301076,1909f56bfc062723c751e8b465ee728b)
Start importing Assets/Sprites/Battle/GameWin/block/Dialog Panel.png using Guid(b6e4b65ba400ba840a0c095f2982f804) Importer(815301076,1909f56bfc062723c751e8b465ee728b)  -> (artifact id: '962106d9ca0b050ded9c725c1f66424a') in 0.054872 seconds 
========================================================================
Received Import Request.
  Time since last request: 0.000107 seconds.
  path: Assets/Sprites/Battle/GameWin/block/Gold Desc Frame.png
  artifactKey: Guid(a16c28fd6148f6442b90e4296844c260) Importer(815301076,1909f56bfc062723c751e8b465ee728b)
Start importing Assets/Sprites/Battle/GameWin/block/Gold Desc Frame.png using Guid(a16c28fd6148f6442b90e4296844c260) Importer(815301076,1909f56bfc062723c751e8b465ee728b)  -> (artifact id: '634a67bb0163672232808b3df32436e4') in 0.056653 seconds 
========================================================================
Received Import Request.
  Time since last request: 0.000102 seconds.
  path: Assets/Sprites/Battle/GameWin/block/Cross Icon.png
  artifactKey: Guid(293603da252548d49901c5f7265d0fa5) Importer(815301076,1909f56bfc062723c751e8b465ee728b)
Start importing Assets/Sprites/Battle/GameWin/block/Cross Icon.png using Guid(293603da252548d49901c5f7265d0fa5) Importer(815301076,1909f56bfc062723c751e8b465ee728b)  -> (artifact id: '0208b8a905cb709f80dbb13f60e28a3b') in 0.053745 seconds 
========================================================================
Received Import Request.
  Time since last request: 0.118070 seconds.
  path: Assets/Sprites/Battle/GameWin/block/MGC Bar.png
  artifactKey: Guid(60e4aa136227c1b429ea0c049075470a) Importer(815301076,1909f56bfc062723c751e8b465ee728b)
Start importing Assets/Sprites/Battle/GameWin/block/MGC Bar.png using Guid(60e4aa136227c1b429ea0c049075470a) Importer(815301076,1909f56bfc062723c751e8b465ee728b)  -> (artifact id: '3bd66446a5eb2a1c48df4836ba6d0053') in 0.064213 seconds 
========================================================================
Received Import Request.
  Time since last request: 0.000077 seconds.
  path: Assets/Sprites/Battle/GameWin/block/Panel.png
  artifactKey: Guid(ac7aaa02dfbb1c944a522fc283e36802) Importer(815301076,1909f56bfc062723c751e8b465ee728b)
Start importing Assets/Sprites/Battle/GameWin/block/Panel.png using Guid(ac7aaa02dfbb1c944a522fc283e36802) Importer(815301076,1909f56bfc062723c751e8b465ee728b)  -> (artifact id: '9ad717975e80e55bad51af111a8a4e91') in 0.066132 seconds 
========================================================================
Received Import Request.
  Time since last request: 0.281895 seconds.
  path: Assets/Sprites/Battle/GameWin/block/Progress Frame.png
  artifactKey: Guid(6f032a3e6d8f29d459cbf994b312c65d) Importer(815301076,1909f56bfc062723c751e8b465ee728b)
Start importing Assets/Sprites/Battle/GameWin/block/Progress Frame.png using Guid(6f032a3e6d8f29d459cbf994b312c65d) Importer(815301076,1909f56bfc062723c751e8b465ee728b)  -> (artifact id: '682a6f1ae504499f3131ea75594e449a') in 0.062526 seconds 
========================================================================
Received Import Request.
  Time since last request: 0.000079 seconds.
  path: Assets/Sprites/Battle/GameWin/block/Rect Btn.png
  artifactKey: Guid(8aa914529601c4244be8eba518b043e9) Importer(815301076,1909f56bfc062723c751e8b465ee728b)
Start importing Assets/Sprites/Battle/GameWin/block/Rect Btn.png using Guid(8aa914529601c4244be8eba518b043e9) Importer(815301076,1909f56bfc062723c751e8b465ee728b)  -> (artifact id: '032826a1dc4d2fdf77b362b20e205ef8') in 0.054499 seconds 
========================================================================
Received Import Request.
  Time since last request: 0.000077 seconds.
  path: Assets/Sprites/Battle/GameWin/block/Radio Btn Frame.png
  artifactKey: Guid(e89fab55e483a7e458f72bc820976c19) Importer(815301076,1909f56bfc062723c751e8b465ee728b)
Start importing Assets/Sprites/Battle/GameWin/block/Radio Btn Frame.png using Guid(e89fab55e483a7e458f72bc820976c19) Importer(815301076,1909f56bfc062723c751e8b465ee728b)  -> (artifact id: 'd9e5c49370877a87a97e0b59c834b804') in 0.067857 seconds 
========================================================================
Received Import Request.
  Time since last request: 42.491225 seconds.
  path: Assets/Sprites/Battle/GameWin/block/Slot 2.png
  artifactKey: Guid(b282d546b6721084fb17ff12fba962bb) Importer(815301076,1909f56bfc062723c751e8b465ee728b)
Start importing Assets/Sprites/Battle/GameWin/block/Slot 2.png using Guid(b282d546b6721084fb17ff12fba962bb) Importer(815301076,1909f56bfc062723c751e8b465ee728b)  -> (artifact id: 'f8cea1279456892a661cf6030812a1ab') in 0.049682 seconds 
========================================================================
Received Import Request.
  Time since last request: 1.082404 seconds.
  path: Assets/Sprites/Battle/GameWin/block/STM Bar.png
  artifactKey: Guid(53669b75b3f6ff246ae5a91e742a7069) Importer(815301076,1909f56bfc062723c751e8b465ee728b)
Start importing Assets/Sprites/Battle/GameWin/block/STM Bar.png using Guid(53669b75b3f6ff246ae5a91e742a7069) Importer(815301076,1909f56bfc062723c751e8b465ee728b)  -> (artifact id: '8e881723fc49be0a7814ab2f0a703d44') in 0.065329 seconds 
========================================================================
Received Import Request.
  Time since last request: 0.000052 seconds.
  path: Assets/Sprites/Battle/GameWin/block/Tab Btn 2.png
  artifactKey: Guid(d24f71856c10fd342b352c41eeb8d267) Importer(815301076,1909f56bfc062723c751e8b465ee728b)
Start importing Assets/Sprites/Battle/GameWin/block/Tab Btn 2.png using Guid(d24f71856c10fd342b352c41eeb8d267) Importer(815301076,1909f56bfc062723c751e8b465ee728b)  -> (artifact id: '12bff23a0aa2d340810993dfd0cefd60') in 0.051660 seconds 
========================================================================
Received Import Request.
  Time since last request: 0.615139 seconds.
  path: Assets/Sprites/Battle/GameWin/block/Title Panel 2.png
  artifactKey: Guid(1dd4fb63125b79b44b2d27744109024f) Importer(815301076,1909f56bfc062723c751e8b465ee728b)
Start importing Assets/Sprites/Battle/GameWin/block/Title Panel 2.png using Guid(1dd4fb63125b79b44b2d27744109024f) Importer(815301076,1909f56bfc062723c751e8b465ee728b)  -> (artifact id: '8c4be0d638fb87d3445bdf31590f4fca') in 0.038319 seconds 
========================================================================
Received Import Request.
  Time since last request: 0.612447 seconds.
  path: Assets/Sprites/Battle/GameWin/block/Toggle On.png
  artifactKey: Guid(6b8c5a500e477e641b4187a91580b83b) Importer(815301076,1909f56bfc062723c751e8b465ee728b)
Start importing Assets/Sprites/Battle/GameWin/block/Toggle On.png using Guid(6b8c5a500e477e641b4187a91580b83b) Importer(815301076,1909f56bfc062723c751e8b465ee728b)  -> (artifact id: '3bca44f5335f041d42346c6d97d47b4e') in 0.065643 seconds 
========================================================================
Received Import Request.
  Time since last request: 0.000054 seconds.
  path: Assets/Sprites/Battle/GameWin/block/Tooltips Panel.png
  artifactKey: Guid(50541840a31dec845b254b9d63f85f7d) Importer(815301076,1909f56bfc062723c751e8b465ee728b)
Start importing Assets/Sprites/Battle/GameWin/block/Tooltips Panel.png using Guid(50541840a31dec845b254b9d63f85f7d) Importer(815301076,1909f56bfc062723c751e8b465ee728b)  -> (artifact id: '6f92249c1d0c962493f43deb5fc7c234') in 0.043452 seconds 
